TN:
SF:src/router.ts
FN:24,(anonymous_0)
FN:38,(anonymous_1)
FNF:2
FNH:2
FNDA:4,(anonymous_0)
FNDA:5,(anonymous_1)
DA:1,2
DA:2,2
DA:3,2
DA:4,2
DA:6,2
DA:8,2
DA:11,2
DA:17,2
DA:24,4
DA:29,2
DA:38,5
DA:46,2
DA:52,2
DA:58,2
LF:14
LH:14
BRF:0
BRH:0
end_of_record
TN:
SF:src/server.ts
FN:6,connectDB
FN:26,(anonymous_2)
FNF:2
FNH:2
FNDA:2,connectDB
FNDA:1,(anonymous_2)
DA:1,2
DA:2,2
DA:3,2
DA:7,2
DA:8,2
DA:9,1
DA:12,0
DA:13,0
DA:17,2
DA:19,2
DA:22,2
DA:24,2
DA:26,2
DA:27,1
DA:30,2
LF:15
LH:13
BRF:0
BRH:0
end_of_record
TN:
SF:src/config/db.ts
FNF:0
FNH:0
DA:1,2
DA:2,2
DA:3,2
DA:5,2
DA:10,2
LF:5
LH:5
BRF:0
BRH:0
end_of_record
TN:
SF:src/handlers/product.ts
FN:5,(anonymous_1)
FN:15,(anonymous_2)
FN:25,(anonymous_3)
FN:30,(anonymous_4)
FN:45,(anonymous_5)
FN:60,(anonymous_6)
FNF:6
FNH:6
FNDA:2,(anonymous_1)
FNDA:2,(anonymous_2)
FNDA:1,(anonymous_3)
FNDA:2,(anonymous_4)
FNDA:2,(anonymous_5)
FNDA:2,(anonymous_6)
DA:2,2
DA:5,2
DA:6,2
DA:12,2
DA:15,2
DA:16,2
DA:17,2
DA:18,2
DA:19,1
DA:21,1
DA:25,2
DA:26,1
DA:27,1
DA:30,2
DA:32,2
DA:33,2
DA:34,2
DA:35,1
DA:39,1
DA:40,1
DA:42,1
DA:45,2
DA:47,2
DA:48,2
DA:49,2
DA:50,1
DA:54,1
DA:55,1
DA:57,1
DA:60,2
DA:61,2
DA:62,2
DA:63,2
DA:64,1
DA:67,1
DA:68,1
LF:36
LH:36
BRDA:18,0,0,1
BRDA:18,0,1,1
BRDA:34,1,0,1
BRDA:34,1,1,1
BRDA:49,2,0,1
BRDA:49,2,1,1
BRDA:63,3,0,1
BRDA:63,3,1,1
BRF:8
BRH:8
end_of_record
TN:
SF:src/middleware/index.ts
FN:6,(anonymous_0)
FNF:1
FNH:1
FNDA:17,(anonymous_0)
DA:2,2
DA:6,2
DA:7,17
DA:8,17
DA:9,8
DA:11,9
LF:6
LH:6
BRDA:8,0,0,8
BRDA:8,0,1,9
BRF:2
BRH:2
end_of_record
TN:
SF:src/models/Product.model.ts
FNF:0
FNH:0
DA:1,2
DA:7,2
DA:11,2
DA:15,2
DA:20,2
DA:24,2
LF:6
LH:6
BRF:0
BRH:0
end_of_record
